{"C:\\Users\\igor\\Desktop\\OTUS\\FullStackDeveloper\\WorkDir\\JavaScript-Basic\\otus-js-basic-weather\\src\\js\\modules\\addHistoryListItem.js": {"path":"C:\\Users\\igor\\Desktop\\OTUS\\FullStackDeveloper\\WorkDir\\JavaScript-Basic\\otus-js-basic-weather\\src\\js\\modules\\addHistoryListItem.js","statementMap":{"0":{"start":{"line":2,"column":18},"end":{"line":2,"column":52}},"1":{"start":{"line":4,"column":24},"end":{"line":4,"column":63}},"2":{"start":{"line":6,"column":23},"end":{"line":6,"column":70}},"3":{"start":{"line":7,"column":20},"end":{"line":7,"column":22}},"4":{"start":{"line":9,"column":2},"end":{"line":13,"column":3}},"5":{"start":{"line":10,"column":4},"end":{"line":12,"column":5}},"6":{"start":{"line":11,"column":6},"end":{"line":11,"column":37}},"7":{"start":{"line":15,"column":2},"end":{"line":27,"column":3}},"8":{"start":{"line":16,"column":15},"end":{"line":16,"column":43}},"9":{"start":{"line":18,"column":4},"end":{"line":18,"column":160}},"10":{"start":{"line":20,"column":4},"end":{"line":24,"column":5}},"11":{"start":{"line":21,"column":6},"end":{"line":23,"column":8}},"12":{"start":{"line":26,"column":4},"end":{"line":26,"column":30}}},"fnMap":{"0":{"name":"addHistoryListItem","decl":{"start":{"line":1,"column":16},"end":{"line":1,"column":34}},"loc":{"start":{"line":1,"column":45},"end":{"line":28,"column":1}},"line":1}},"branchMap":{"0":{"loc":{"start":{"line":10,"column":4},"end":{"line":12,"column":5}},"type":"if","locations":[{"start":{"line":10,"column":4},"end":{"line":12,"column":5}},{"start":{},"end":{}}],"line":10},"1":{"loc":{"start":{"line":15,"column":2},"end":{"line":27,"column":3}},"type":"if","locations":[{"start":{"line":15,"column":2},"end":{"line":27,"column":3}},{"start":{},"end":{}}],"line":15},"2":{"loc":{"start":{"line":20,"column":4},"end":{"line":24,"column":5}},"type":"if","locations":[{"start":{"line":20,"column":4},"end":{"line":24,"column":5}},{"start":{},"end":{}}],"line":20}},"s":{"0":7,"1":7,"2":7,"3":7,"4":7,"5":3,"6":3,"7":7,"8":7,"9":7,"10":7,"11":0,"12":7},"f":{"0":7},"b":{"0":[3,0],"1":[7,0],"2":[0,7]},"_coverageSchema":"1a1c01bbd47fc00a2c39e90264f33305004495a9","hash":"14260fb5b5c73ca1a78cab131493a73a8c6dbd3a"}
,"C:\\Users\\igor\\Desktop\\OTUS\\FullStackDeveloper\\WorkDir\\JavaScript-Basic\\otus-js-basic-weather\\src\\js\\modules\\clickHistoryLink.js": {"path":"C:\\Users\\igor\\Desktop\\OTUS\\FullStackDeveloper\\WorkDir\\JavaScript-Basic\\otus-js-basic-weather\\src\\js\\modules\\clickHistoryLink.js","statementMap":{"0":{"start":{"line":6,"column":2},"end":{"line":6,"column":22}},"1":{"start":{"line":8,"column":19},"end":{"line":8,"column":38}},"2":{"start":{"line":9,"column":18},"end":{"line":9,"column":44}},"3":{"start":{"line":11,"column":2},"end":{"line":14,"column":3}},"4":{"start":{"line":12,"column":4},"end":{"line":12,"column":25}},"5":{"start":{"line":13,"column":4},"end":{"line":13,"column":50}}},"fnMap":{"0":{"name":"clickHistoryLink","decl":{"start":{"line":5,"column":22},"end":{"line":5,"column":38}},"loc":{"start":{"line":5,"column":43},"end":{"line":15,"column":1}},"line":5}},"branchMap":{"0":{"loc":{"start":{"line":11,"column":2},"end":{"line":14,"column":3}},"type":"if","locations":[{"start":{"line":11,"column":2},"end":{"line":14,"column":3}},{"start":{},"end":{}}],"line":11}},"s":{"0":1,"1":1,"2":1,"3":1,"4":0,"5":0},"f":{"0":1},"b":{"0":[0,1]},"_coverageSchema":"1a1c01bbd47fc00a2c39e90264f33305004495a9","hash":"6a59495749163b916b1faae7a8d2148d4e9298b6"}
,"C:\\Users\\igor\\Desktop\\OTUS\\FullStackDeveloper\\WorkDir\\JavaScript-Basic\\otus-js-basic-weather\\src\\js\\modules\\createWeatherInterface.js": {"path":"C:\\Users\\igor\\Desktop\\OTUS\\FullStackDeveloper\\WorkDir\\JavaScript-Basic\\otus-js-basic-weather\\src\\js\\modules\\createWeatherInterface.js","statementMap":{"0":{"start":{"line":8,"column":22},"end":{"line":8,"column":44}},"1":{"start":{"line":11,"column":2},"end":{"line":11,"column":27}},"2":{"start":{"line":13,"column":2},"end":{"line":22,"column":3}},"3":{"start":{"line":14,"column":21},"end":{"line":14,"column":37}},"4":{"start":{"line":15,"column":4},"end":{"line":15,"column":41}},"5":{"start":{"line":16,"column":4},"end":{"line":16,"column":25}},"6":{"start":{"line":18,"column":4},"end":{"line":21,"column":5}},"7":{"start":{"line":19,"column":6},"end":{"line":19,"column":27}},"8":{"start":{"line":20,"column":6},"end":{"line":20,"column":52}},"9":{"start":{"line":24,"column":2},"end":{"line":24,"column":21}}},"fnMap":{"0":{"name":"createWeatherInterface","decl":{"start":{"line":7,"column":22},"end":{"line":7,"column":44}},"loc":{"start":{"line":7,"column":47},"end":{"line":25,"column":1}},"line":7}},"branchMap":{"0":{"loc":{"start":{"line":13,"column":2},"end":{"line":22,"column":3}},"type":"if","locations":[{"start":{"line":13,"column":2},"end":{"line":22,"column":3}},{"start":{},"end":{}}],"line":13},"1":{"loc":{"start":{"line":18,"column":4},"end":{"line":21,"column":5}},"type":"if","locations":[{"start":{"line":18,"column":4},"end":{"line":21,"column":5}},{"start":{},"end":{}}],"line":18}},"s":{"0":2,"1":2,"2":2,"3":0,"4":0,"5":0,"6":0,"7":0,"8":0,"9":2},"f":{"0":2},"b":{"0":[0,2],"1":[0,0]},"_coverageSchema":"1a1c01bbd47fc00a2c39e90264f33305004495a9","hash":"ab7e9ac59ec0313e5b43ddf6603f80eaf35e396a"}
,"C:\\Users\\igor\\Desktop\\OTUS\\FullStackDeveloper\\WorkDir\\JavaScript-Basic\\otus-js-basic-weather\\src\\js\\modules\\getGeolocation.js": {"path":"C:\\Users\\igor\\Desktop\\OTUS\\FullStackDeveloper\\WorkDir\\JavaScript-Basic\\otus-js-basic-weather\\src\\js\\modules\\getGeolocation.js","statementMap":{"0":{"start":{"line":2,"column":2},"end":{"line":14,"column":3}},"1":{"start":{"line":3,"column":21},"end":{"line":3,"column":59}},"2":{"start":{"line":5,"column":21},"end":{"line":5,"column":42}},"3":{"start":{"line":7,"column":19},"end":{"line":7,"column":40}},"4":{"start":{"line":9,"column":4},"end":{"line":9,"column":24}},"5":{"start":{"line":11,"column":4},"end":{"line":11,"column":18}},"6":{"start":{"line":13,"column":4},"end":{"line":13,"column":16}}},"fnMap":{"0":{"name":"getGeolocation","decl":{"start":{"line":1,"column":22},"end":{"line":1,"column":36}},"loc":{"start":{"line":1,"column":39},"end":{"line":15,"column":1}},"line":1}},"branchMap":{},"s":{"0":3,"1":3,"2":3,"3":1,"4":1,"5":1,"6":2},"f":{"0":3},"b":{},"_coverageSchema":"1a1c01bbd47fc00a2c39e90264f33305004495a9","hash":"e1c2bd2755148755210d9ef09be772b3ba387192"}
,"C:\\Users\\igor\\Desktop\\OTUS\\FullStackDeveloper\\WorkDir\\JavaScript-Basic\\otus-js-basic-weather\\src\\js\\modules\\getSearchHistory.js": {"path":"C:\\Users\\igor\\Desktop\\OTUS\\FullStackDeveloper\\WorkDir\\JavaScript-Basic\\otus-js-basic-weather\\src\\js\\modules\\getSearchHistory.js","statementMap":{"0":{"start":{"line":4,"column":17},"end":{"line":4,"column":59}},"1":{"start":{"line":6,"column":2},"end":{"line":10,"column":3}},"2":{"start":{"line":7,"column":4},"end":{"line":9,"column":7}},"3":{"start":{"line":8,"column":6},"end":{"line":8,"column":35}}},"fnMap":{"0":{"name":"getSearchHistory","decl":{"start":{"line":3,"column":16},"end":{"line":3,"column":32}},"loc":{"start":{"line":3,"column":35},"end":{"line":11,"column":1}},"line":3},"1":{"name":"(anonymous_1)","decl":{"start":{"line":7,"column":29},"end":{"line":7,"column":30}},"loc":{"start":{"line":7,"column":43},"end":{"line":9,"column":5}},"line":7}},"branchMap":{"0":{"loc":{"start":{"line":6,"column":2},"end":{"line":10,"column":3}},"type":"if","locations":[{"start":{"line":6,"column":2},"end":{"line":10,"column":3}},{"start":{},"end":{}}],"line":6}},"s":{"0":3,"1":3,"2":1,"3":3},"f":{"0":3,"1":3},"b":{"0":[1,2]},"_coverageSchema":"1a1c01bbd47fc00a2c39e90264f33305004495a9","hash":"1cce4ba80fc8a23d9131431ed210e019f6a93c38"}
,"C:\\Users\\igor\\Desktop\\OTUS\\FullStackDeveloper\\WorkDir\\JavaScript-Basic\\otus-js-basic-weather\\src\\js\\modules\\getWeather.js": {"path":"C:\\Users\\igor\\Desktop\\OTUS\\FullStackDeveloper\\WorkDir\\JavaScript-Basic\\otus-js-basic-weather\\src\\js\\modules\\getWeather.js","statementMap":{"0":{"start":{"line":2,"column":18},"end":{"line":2,"column":52}},"1":{"start":{"line":3,"column":2},"end":{"line":11,"column":3}},"2":{"start":{"line":4,"column":21},"end":{"line":6,"column":5}},"3":{"start":{"line":8,"column":4},"end":{"line":8,"column":33}},"4":{"start":{"line":10,"column":4},"end":{"line":10,"column":16}}},"fnMap":{"0":{"name":"getWeather","decl":{"start":{"line":1,"column":22},"end":{"line":1,"column":32}},"loc":{"start":{"line":1,"column":43},"end":{"line":12,"column":1}},"line":1}},"branchMap":{},"s":{"0":5,"1":5,"2":5,"3":2,"4":3},"f":{"0":5},"b":{},"_coverageSchema":"1a1c01bbd47fc00a2c39e90264f33305004495a9","hash":"8988e778b895dfc7ccc1dc7131c0a711ddaa7632"}
,"C:\\Users\\igor\\Desktop\\OTUS\\FullStackDeveloper\\WorkDir\\JavaScript-Basic\\otus-js-basic-weather\\src\\js\\modules\\setSearchHistory.js": {"path":"C:\\Users\\igor\\Desktop\\OTUS\\FullStackDeveloper\\WorkDir\\JavaScript-Basic\\otus-js-basic-weather\\src\\js\\modules\\setSearchHistory.js","statementMap":{"0":{"start":{"line":2,"column":15},"end":{"line":2,"column":57}},"1":{"start":{"line":4,"column":2},"end":{"line":6,"column":3}},"2":{"start":{"line":5,"column":4},"end":{"line":5,"column":16}},"3":{"start":{"line":8,"column":2},"end":{"line":16,"column":3}},"4":{"start":{"line":9,"column":4},"end":{"line":13,"column":5}},"5":{"start":{"line":10,"column":6},"end":{"line":10,"column":49}},"6":{"start":{"line":12,"column":6},"end":{"line":12,"column":31}},"7":{"start":{"line":15,"column":4},"end":{"line":15,"column":59}}},"fnMap":{"0":{"name":"setSearchHistory","decl":{"start":{"line":1,"column":16},"end":{"line":1,"column":32}},"loc":{"start":{"line":1,"column":43},"end":{"line":17,"column":1}},"line":1}},"branchMap":{"0":{"loc":{"start":{"line":4,"column":2},"end":{"line":6,"column":3}},"type":"if","locations":[{"start":{"line":4,"column":2},"end":{"line":6,"column":3}},{"start":{},"end":{}}],"line":4},"1":{"loc":{"start":{"line":8,"column":2},"end":{"line":16,"column":3}},"type":"if","locations":[{"start":{"line":8,"column":2},"end":{"line":16,"column":3}},{"start":{},"end":{}}],"line":8},"2":{"loc":{"start":{"line":9,"column":4},"end":{"line":13,"column":5}},"type":"if","locations":[{"start":{"line":9,"column":4},"end":{"line":13,"column":5}},{"start":{"line":11,"column":11},"end":{"line":13,"column":5}}],"line":9}},"s":{"0":13,"1":13,"2":2,"3":13,"4":12,"5":1,"6":11,"7":12},"f":{"0":13},"b":{"0":[2,11],"1":[12,1],"2":[1,11]},"_coverageSchema":"1a1c01bbd47fc00a2c39e90264f33305004495a9","hash":"32804ed06db8458d290d9001590ec5bf268d255f"}
,"C:\\Users\\igor\\Desktop\\OTUS\\FullStackDeveloper\\WorkDir\\JavaScript-Basic\\otus-js-basic-weather\\src\\js\\modules\\showMap.js": {"path":"C:\\Users\\igor\\Desktop\\OTUS\\FullStackDeveloper\\WorkDir\\JavaScript-Basic\\otus-js-basic-weather\\src\\js\\modules\\showMap.js","statementMap":{"0":{"start":{"line":4,"column":16},"end":{"line":4,"column":53}},"1":{"start":{"line":5,"column":2},"end":{"line":5,"column":55}},"2":{"start":{"line":7,"column":14},"end":{"line":7,"column":30}},"3":{"start":{"line":9,"column":2},"end":{"line":9,"column":26}},"4":{"start":{"line":11,"column":2},"end":{"line":15,"column":16}}},"fnMap":{"0":{"name":"showMap","decl":{"start":{"line":3,"column":16},"end":{"line":3,"column":23}},"loc":{"start":{"line":3,"column":30},"end":{"line":16,"column":1}},"line":3}},"branchMap":{},"s":{"0":1,"1":1,"2":1,"3":1,"4":1},"f":{"0":1},"b":{},"_coverageSchema":"1a1c01bbd47fc00a2c39e90264f33305004495a9","hash":"c835bde0ca7eb95601a574e6cfbb8d4add59e8f7"}
,"C:\\Users\\igor\\Desktop\\OTUS\\FullStackDeveloper\\WorkDir\\JavaScript-Basic\\otus-js-basic-weather\\src\\js\\modules\\showWeather.js": {"path":"C:\\Users\\igor\\Desktop\\OTUS\\FullStackDeveloper\\WorkDir\\JavaScript-Basic\\otus-js-basic-weather\\src\\js\\modules\\showWeather.js","statementMap":{"0":{"start":{"line":2,"column":15},"end":{"line":2,"column":27}},"1":{"start":{"line":3,"column":17},"end":{"line":3,"column":29}},"2":{"start":{"line":4,"column":17},"end":{"line":4,"column":35}},"3":{"start":{"line":6,"column":17},"end":{"line":6,"column":48}},"4":{"start":{"line":7,"column":2},"end":{"line":7,"column":26}},"5":{"start":{"line":9,"column":17},"end":{"line":9,"column":48}},"6":{"start":{"line":10,"column":2},"end":{"line":10,"column":39}},"7":{"start":{"line":12,"column":17},"end":{"line":12,"column":48}},"8":{"start":{"line":13,"column":2},"end":{"line":13,"column":86}}},"fnMap":{"0":{"name":"showWeather","decl":{"start":{"line":1,"column":16},"end":{"line":1,"column":27}},"loc":{"start":{"line":1,"column":37},"end":{"line":14,"column":1}},"line":1}},"branchMap":{},"s":{"0":1,"1":1,"2":1,"3":1,"4":1,"5":1,"6":1,"7":1,"8":1},"f":{"0":1},"b":{},"_coverageSchema":"1a1c01bbd47fc00a2c39e90264f33305004495a9","hash":"a18dbda93b84e601e08857ad79264b916c3d0658"}
,"C:\\Users\\igor\\Desktop\\OTUS\\FullStackDeveloper\\WorkDir\\JavaScript-Basic\\otus-js-basic-weather\\src\\js\\modules\\submitInputCityForm.js": {"path":"C:\\Users\\igor\\Desktop\\OTUS\\FullStackDeveloper\\WorkDir\\JavaScript-Basic\\otus-js-basic-weather\\src\\js\\modules\\submitInputCityForm.js","statementMap":{"0":{"start":{"line":8,"column":18},"end":{"line":8,"column":55}},"1":{"start":{"line":9,"column":2},"end":{"line":9,"column":22}},"2":{"start":{"line":11,"column":19},"end":{"line":11,"column":32}},"3":{"start":{"line":13,"column":2},"end":{"line":13,"column":21}},"4":{"start":{"line":15,"column":18},"end":{"line":15,"column":44}},"5":{"start":{"line":17,"column":2},"end":{"line":17,"column":23}},"6":{"start":{"line":19,"column":2},"end":{"line":24,"column":3}},"7":{"start":{"line":20,"column":4},"end":{"line":20,"column":25}},"8":{"start":{"line":21,"column":4},"end":{"line":21,"column":50}},"9":{"start":{"line":22,"column":4},"end":{"line":22,"column":31}},"10":{"start":{"line":23,"column":4},"end":{"line":23,"column":33}}},"fnMap":{"0":{"name":"submitCityInputForm","decl":{"start":{"line":7,"column":22},"end":{"line":7,"column":41}},"loc":{"start":{"line":7,"column":46},"end":{"line":25,"column":1}},"line":7}},"branchMap":{"0":{"loc":{"start":{"line":19,"column":2},"end":{"line":24,"column":3}},"type":"if","locations":[{"start":{"line":19,"column":2},"end":{"line":24,"column":3}},{"start":{},"end":{}}],"line":19}},"s":{"0":1,"1":1,"2":1,"3":1,"4":1,"5":1,"6":1,"7":0,"8":0,"9":0,"10":0},"f":{"0":1},"b":{"0":[0,1]},"_coverageSchema":"1a1c01bbd47fc00a2c39e90264f33305004495a9","hash":"c3064f46817b177c4c8a2060fa5b47da3a3acac9"}
}
