{"C:\\Users\\igor\\Desktop\\OTUS\\FullStackDeveloper\\WorkDir\\JavaScript-Basic\\otus-js-basic-weather\\public\\src\\js\\modules\\getGeolocation.js": {"path":"C:\\Users\\igor\\Desktop\\OTUS\\FullStackDeveloper\\WorkDir\\JavaScript-Basic\\otus-js-basic-weather\\public\\src\\js\\modules\\getGeolocation.js","statementMap":{"0":{"start":{"line":3,"column":2},"end":{"line":25,"column":3}},"1":{"start":{"line":6,"column":17},"end":{"line":6,"column":68}},"2":{"start":{"line":8,"column":15},"end":{"line":9,"column":65}},"3":{"start":{"line":11,"column":4},"end":{"line":18,"column":5}},"4":{"start":{"line":12,"column":6},"end":{"line":12,"column":66}},"5":{"start":{"line":13,"column":11},"end":{"line":18,"column":5}},"6":{"start":{"line":14,"column":6},"end":{"line":14,"column":44}},"7":{"start":{"line":17,"column":6},"end":{"line":17,"column":45}},"8":{"start":{"line":20,"column":4},"end":{"line":20,"column":20}},"9":{"start":{"line":24,"column":4},"end":{"line":24,"column":16}}},"fnMap":{"0":{"name":"getGeolocation","decl":{"start":{"line":2,"column":22},"end":{"line":2,"column":36}},"loc":{"start":{"line":2,"column":40},"end":{"line":26,"column":1}},"line":2}},"branchMap":{"0":{"loc":{"start":{"line":11,"column":4},"end":{"line":18,"column":5}},"type":"if","locations":[{"start":{"line":11,"column":4},"end":{"line":18,"column":5}},{"start":{"line":13,"column":11},"end":{"line":18,"column":5}}],"line":11},"1":{"loc":{"start":{"line":13,"column":11},"end":{"line":18,"column":5}},"type":"if","locations":[{"start":{"line":13,"column":11},"end":{"line":18,"column":5}},{"start":{"line":15,"column":11},"end":{"line":18,"column":5}}],"line":13}},"s":{"0":0,"1":0,"2":0,"3":0,"4":0,"5":0,"6":0,"7":0,"8":0,"9":0},"f":{"0":0},"b":{"0":[0,0],"1":[0,0]},"_coverageSchema":"1a1c01bbd47fc00a2c39e90264f33305004495a9","hash":"d54d397c735c9200d85b61e3426c71b18f6e5128"}
,"C:\\Users\\igor\\Desktop\\OTUS\\FullStackDeveloper\\WorkDir\\JavaScript-Basic\\otus-js-basic-weather\\public\\src\\js\\modules\\getWeather.js": {"path":"C:\\Users\\igor\\Desktop\\OTUS\\FullStackDeveloper\\WorkDir\\JavaScript-Basic\\otus-js-basic-weather\\public\\src\\js\\modules\\getWeather.js","statementMap":{"0":{"start":{"line":2,"column":20},"end":{"line":2,"column":54}},"1":{"start":{"line":3,"column":4},"end":{"line":13,"column":5}},"2":{"start":{"line":4,"column":23},"end":{"line":6,"column":7}},"3":{"start":{"line":8,"column":6},"end":{"line":8,"column":35}},"4":{"start":{"line":12,"column":6},"end":{"line":12,"column":18}}},"fnMap":{"0":{"name":"getWeather","decl":{"start":{"line":1,"column":22},"end":{"line":1,"column":32}},"loc":{"start":{"line":1,"column":43},"end":{"line":14,"column":1}},"line":1}},"branchMap":{},"s":{"0":2,"1":2,"2":2,"3":1,"4":1},"f":{"0":2},"b":{},"_coverageSchema":"1a1c01bbd47fc00a2c39e90264f33305004495a9","hash":"d770e942709c87730838b7933fefdbf22bd41476"}
}
