TN:
SF:public\src\js\modules\addHistoryListItem.js
FN:1,addHistoryListItem
FNF:1
FNH:1
FNDA:7,addHistoryListItem
DA:2,7
DA:4,7
DA:6,7
DA:7,7
DA:9,7
DA:10,3
DA:11,3
DA:15,7
DA:16,7
DA:18,7
DA:20,7
DA:21,0
DA:26,7
LF:13
LH:12
BRDA:10,0,0,3
BRDA:10,0,1,0
BRDA:15,1,0,7
BRDA:15,1,1,0
BRDA:20,2,0,0
BRDA:20,2,1,7
BRF:6
BRH:3
end_of_record
TN:
SF:public\src\js\modules\clickHistoryLink.js
FN:5,clickHistoryLink
FNF:1
FNH:1
FNDA:1,clickHistoryLink
DA:6,1
DA:8,1
DA:9,1
DA:11,1
DA:12,0
DA:13,0
LF:6
LH:4
BRDA:11,0,0,0
BRDA:11,0,1,1
BRF:2
BRH:1
end_of_record
TN:
SF:public\src\js\modules\createWeatherInterface.js
FN:7,createWeatherInterface
FNF:1
FNH:1
FNDA:2,createWeatherInterface
DA:8,2
DA:11,2
DA:13,2
DA:14,0
DA:15,0
DA:16,0
DA:18,0
DA:19,0
DA:20,0
DA:24,2
LF:10
LH:4
BRDA:13,0,0,0
BRDA:13,0,1,2
BRDA:18,1,0,0
BRDA:18,1,1,0
BRF:4
BRH:1
end_of_record
TN:
SF:public\src\js\modules\getGeolocation.js
FN:2,getGeolocation
FNF:1
FNH:1
FNDA:3,getGeolocation
DA:3,3
DA:5,3
DA:7,3
DA:9,3
DA:11,1
DA:13,1
DA:15,1
DA:19,2
LF:8
LH:8
BRF:0
BRH:0
end_of_record
TN:
SF:public\src\js\modules\getSearchHistory.js
FN:3,getSearchHistory
FN:7,(anonymous_1)
FNF:2
FNH:2
FNDA:3,getSearchHistory
FNDA:3,(anonymous_1)
DA:4,3
DA:6,3
DA:7,1
DA:8,3
LF:4
LH:4
BRDA:6,0,0,1
BRDA:6,0,1,2
BRF:2
BRH:2
end_of_record
TN:
SF:public\src\js\modules\getWeather.js
FN:1,getWeather
FNF:1
FNH:1
FNDA:5,getWeather
DA:2,5
DA:3,5
DA:4,5
DA:8,2
DA:12,3
LF:5
LH:5
BRF:0
BRH:0
end_of_record
TN:
SF:public\src\js\modules\setSearchHistory.js
FN:3,setSearchHistory
FNF:1
FNH:1
FNDA:13,setSearchHistory
DA:4,13
DA:6,13
DA:7,2
DA:10,13
DA:12,12
DA:13,1
DA:15,11
DA:18,12
LF:8
LH:8
BRDA:6,0,0,2
BRDA:6,0,1,11
BRDA:10,1,0,12
BRDA:10,1,1,1
BRDA:12,2,0,1
BRDA:12,2,1,11
BRF:6
BRH:6
end_of_record
TN:
SF:public\src\js\modules\showMap.js
FN:1,showMap
FNF:1
FNH:1
FNDA:1,showMap
DA:2,1
DA:3,1
DA:5,1
DA:7,1
DA:9,1
LF:5
LH:5
BRF:0
BRH:0
end_of_record
TN:
SF:public\src\js\modules\showWeather.js
FN:1,showWeather
FNF:1
FNH:1
FNDA:1,showWeather
DA:2,1
DA:3,1
DA:4,1
DA:6,1
DA:7,1
DA:9,1
DA:10,1
DA:12,1
DA:13,1
LF:9
LH:9
BRF:0
BRH:0
end_of_record
TN:
SF:public\src\js\modules\submitInputCityForm.js
FN:7,submitCityInputForm
FNF:1
FNH:1
FNDA:1,submitCityInputForm
DA:8,1
DA:9,1
DA:11,1
DA:13,1
DA:15,1
DA:17,1
DA:19,1
DA:20,0
DA:21,0
DA:22,0
DA:23,0
LF:11
LH:7
BRDA:19,0,0,0
BRDA:19,0,1,1
BRF:2
BRH:1
end_of_record
